<?xml version="1.0" encoding="UTF-8" standalone="no"?>
<testsuite failures="0" name="cucumber.runtime.formatter.JUnitFormatter" skipped="0" tests="1" time="50.196305">
<testcase classname="Spree home page functionality" name="_2" time="50.196305">
<system-out><![CDATA[Given Not a validated user..................................................passed
When User browse to the site................................................passed
Then Spree home page should display.........................................passed
And All links are not broken................................................passed
]]></system-out>
</testcase>
</testsuite>
